#
# There is insufficient memory for the Java Runtime Environment to continue.
# Native memory allocation (malloc) failed to allocate 1048576 bytes. Error detail: AllocateHeap
# Possible reasons:
#   The system is out of physical RAM or swap space
#   This process is running with CompressedOops enabled, and the Java Heap may be blocking the growth of the native heap
# Possible solutions:
#   Reduce memory load on the system
#   Increase physical memory or swap space
#   Check if swap backing store is full
#   Decrease Java heap size (-Xmx/-Xms)
#   Decrease number of Java threads
#   Decrease Java thread stack sizes (-Xss)
#   Set larger code cache with -XX:ReservedCodeCacheSize=
#   JVM is running with Zero Based Compressed Oops mode in which the Java heap is
#     placed in the first 32GB address space. The Java Heap base address is the
#     maximum limit for the native heap growth. Please use -XX:HeapBaseMinAddress
#     to set the Java Heap base and to place the Java Heap above 32GB virtual address.
# This output file may be truncated or incomplete.
#
#  Out of Memory Error (allocation.cpp:44), pid=20296, tid=14124
#
# JRE version: OpenJDK Runtime Environment Temurin-21.0.9+10 (21.0.9+10) (build 21.0.9+10-LTS)
# Java VM: OpenJDK 64-Bit Server VM Temurin-21.0.9+10 (21.0.9+10-LTS, mixed mode, sharing, tiered, compressed oops, compressed class ptrs, parallel gc, windows-amd64)
# No core dump will be written. Minidumps are not enabled by default on client versions of Windows
#

---------------  S U M M A R Y ------------

Command Line: --add-modules=ALL-SYSTEM --add-opens=java.base/java.util=ALL-UNNAMED --add-opens=java.base/java.lang=ALL-UNNAMED --add-opens=java.base/sun.nio.fs=ALL-UNNAMED -Declipse.application=org.eclipse.jdt.ls.core.id1 -Dosgi.bundles.defaultStartLevel=4 -Declipse.product=org.eclipse.jdt.ls.core.product -Djava.import.generatesMetadataFilesAtProjectRoot=false -DDetectVMInstallationsJob.disabled=true -Dfile.encoding=utf8 -XX:+UseParallelGC -XX:GCTimeRatio=4 -XX:AdaptiveSizePolicyWeight=90 -Dsun.zip.disableMemoryMapping=true -Xmx4G -Xms100m -Xlog:disable -javaagent:c:\Users\ASUS\.antigravity\extensions\redhat.java-1.50.0-win32-x64\lombok\lombok-1.18.39-4050.jar -XX:+HeapDumpOnOutOfMemoryError -XX:HeapDumpPath=c:\Users\ASUS\AppData\Roaming\Antigravity\User\workspaceStorage\39dc09fd97c2b5feba3efec13bc1be51\redhat.java -Daether.dependencyCollector.impl=bf c:\Users\ASUS\.antigravity\extensions\redhat.java-1.50.0-win32-x64\server\plugins\org.eclipse.equinox.launcher_1.7.100.v20251111-0406.jar -configuration c:\Users\ASUS\AppData\Roaming\Antigravity\User\globalStorage\redhat.java\1.50.0\config_win -data c:\Users\ASUS\AppData\Roaming\Antigravity\User\workspaceStorage\39dc09fd97c2b5feba3efec13bc1be51\redhat.java\jdt_ws --pipe=\\.\pipe\lsp-4fe94c86249c3c96b0991d184069597c-sock

Host: AMD Ryzen 5 5500U with Radeon Graphics         , 12 cores, 15G,  Windows 11 , 64 bit Build 22621 (10.0.22621.2506)
Time: Sun Nov 30 05:23:57 2025 Hora Padrão do Egito elapsed time: 25546.777245 seconds (0d 7h 5m 46s)

---------------  T H R E A D  ---------------

Current thread (0x000001242aeaa650):  JavaThread "Attach Listener" daemon [_thread_in_vm, id=14124, stack(0x0000000979000000,0x0000000979100000) (1024K)]

Stack: [0x0000000979000000,0x0000000979100000]
Native frames: (J=compiled Java code, j=interpreted, Vv=VM code, C=native code)
V  [jvm.dll+0x6d6e29]
V  [jvm.dll+0x8b4b76]
V  [jvm.dll+0x8b712e]
V  [jvm.dll+0x8b7813]
V  [jvm.dll+0x283d86]
V  [jvm.dll+0xc1277]
V  [jvm.dll+0x6d76d9]
V  [jvm.dll+0x133466]
V  [jvm.dll+0x3f7ea6]
V  [jvm.dll+0x85e9ad]
V  [jvm.dll+0x6d565d]
C  [ucrtbase.dll+0x29363]
C  [KERNEL32.DLL+0x1257d]
C  [ntdll.dll+0x5aa58]


---------------  P R O C E S S  ---------------

Threads class SMR info:
_java_thread_list=0x00000124a461fb80, length=45, elements={
0x000001242ae03490, 0x0000012446207bb0, 0x000001242aea5770, 0x000001242aea9940,
0x000001242aeaa650, 0x000001242aeab360, 0x000001242aeacdc0, 0x0000012446208f60,
0x00000124886d82e0, 0x0000012488872320, 0x0000012488939280, 0x000001248e26baa0,
0x000001248e11f830, 0x00000124889b50f0, 0x00000124886cbc60, 0x0000012489b6d2d0,
0x0000012489b03e10, 0x00000124897864c0, 0x00000124887c3f10, 0x0000012489d8e710,
0x000001248eeae960, 0x000001248eeb3820, 0x000001248eeb3eb0, 0x000001248eeae2d0,
0x000001248eeb4540, 0x000001248eeb3190, 0x000001248eeafd10, 0x000001248eeb10c0,
0x000001248eeb4bd0, 0x000001248eeb2b00, 0x000001248eeadc40, 0x000001248eeb03a0,
0x000001248eeb2470, 0x000001248eeb5260, 0x000001248eeaeff0, 0x000001248eeb1750,
0x000001249b563c20, 0x000001249b560110, 0x000001248ed2fd60, 0x000001248ed317a0,
0x000001248ed324c0, 0x000001248ed331e0, 0x000001248ed33f00, 0x00000124896d9eb0,
0x00000124896d8470
}

Java Threads: ( => current thread )
  0x000001242ae03490 JavaThread "main"                              [_thread_blocked, id=10156, stack(0x0000000978900000,0x0000000978a00000) (1024K)]
  0x0000012446207bb0 JavaThread "Reference Handler"          daemon [_thread_blocked, id=22852, stack(0x0000000978d00000,0x0000000978e00000) (1024K)]
  0x000001242aea5770 JavaThread "Finalizer"                  daemon [_thread_blocked, id=24860, stack(0x0000000978e00000,0x0000000978f00000) (1024K)]
  0x000001242aea9940 JavaThread "Signal Dispatcher"          daemon [_thread_blocked, id=15260, stack(0x0000000978f00000,0x0000000979000000) (1024K)]
=>0x000001242aeaa650 JavaThread "Attach Listener"            daemon [_thread_in_vm, id=14124, stack(0x0000000979000000,0x0000000979100000) (1024K)]
  0x000001242aeab360 JavaThread "Service Thread"             daemon [_thread_blocked, id=23012, stack(0x0000000979100000,0x0000000979200000) (1024K)]
  0x000001242aeacdc0 JavaThread "Monitor Deflation Thread"   daemon [_thread_blocked, id=1952, stack(0x0000000979200000,0x0000000979300000) (1024K)]
  0x0000012446208f60 JavaThread "C2 CompilerThread0"         daemon [_thread_blocked, id=12472, stack(0x0000000979300000,0x0000000979400000) (1024K)]
  0x00000124886d82e0 JavaThread "C1 CompilerThread0"         daemon [_thread_blocked, id=23104, stack(0x0000000979400000,0x0000000979500000) (1024K)]
  0x0000012488872320 JavaThread "Common-Cleaner"             daemon [_thread_blocked, id=20076, stack(0x0000000979600000,0x0000000979700000) (1024K)]
  0x0000012488939280 JavaThread "Notification Thread"        daemon [_thread_blocked, id=24740, stack(0x0000000979500000,0x0000000979600000) (1024K)]
  0x000001248e26baa0 JavaThread "Active Thread: Equinox Container: 5b335f1b-5910-40a8-ba0a-f7745883d908"        [_thread_blocked, id=14232, stack(0x0000000979d00000,0x0000000979e00000) (1024K)]
  0x000001248e11f830 JavaThread "Refresh Thread: Equinox Container: 5b335f1b-5910-40a8-ba0a-f7745883d908" daemon [_thread_blocked, id=17664, stack(0x0000000979e00000,0x0000000979f00000) (1024K)]
  0x00000124889b50f0 JavaThread "Framework Event Dispatcher: Equinox Container: 5b335f1b-5910-40a8-ba0a-f7745883d908" daemon [_thread_blocked, id=8052, stack(0x000000097a000000,0x000000097a100000) (1024K)]
  0x00000124886cbc60 JavaThread "Start Level: Equinox Container: 5b335f1b-5910-40a8-ba0a-f7745883d908" daemon [_thread_blocked, id=22620, stack(0x000000097a100000,0x000000097a200000) (1024K)]
  0x0000012489b6d2d0 JavaThread "Bundle File Closer"         daemon [_thread_blocked, id=20440, stack(0x000000097a200000,0x000000097a300000) (1024K)]
  0x0000012489b03e10 JavaThread "SCR Component Actor"        daemon [_thread_blocked, id=6372, stack(0x000000097a500000,0x000000097a600000) (1024K)]
  0x00000124897864c0 JavaThread "Worker-JM"                         [_thread_blocked, id=12608, stack(0x000000097a600000,0x000000097a700000) (1024K)]
  0x00000124887c3f10 JavaThread "JNA Cleaner"                daemon [_thread_blocked, id=22780, stack(0x000000097a700000,0x000000097a800000) (1024K)]
  0x0000012489d8e710 JavaThread "Java indexing"              daemon [_thread_blocked, id=14096, stack(0x000000097ae00000,0x000000097af00000) (1024K)]
  0x000001248eeae960 JavaThread "Thread-1"                   daemon [_thread_in_native, id=18932, stack(0x000000097b300000,0x000000097b400000) (1024K)]
  0x000001248eeb3820 JavaThread "Thread-2"                   daemon [_thread_in_native, id=22948, stack(0x000000097b400000,0x000000097b500000) (1024K)]
  0x000001248eeb3eb0 JavaThread "Thread-3"                   daemon [_thread_in_native, id=25464, stack(0x000000097b500000,0x000000097b600000) (1024K)]
  0x000001248eeae2d0 JavaThread "Thread-4"                   daemon [_thread_in_native, id=20640, stack(0x000000097b600000,0x000000097b700000) (1024K)]
  0x000001248eeb4540 JavaThread "Thread-5"                   daemon [_thread_in_native, id=12184, stack(0x000000097b700000,0x000000097b800000) (1024K)]
  0x000001248eeb3190 JavaThread "Thread-6"                   daemon [_thread_in_native, id=23236, stack(0x000000097b800000,0x000000097b900000) (1024K)]
  0x000001248eeafd10 JavaThread "Thread-7"                   daemon [_thread_in_native, id=20708, stack(0x000000097b900000,0x000000097ba00000) (1024K)]
  0x000001248eeb10c0 JavaThread "Thread-8"                   daemon [_thread_in_native, id=25176, stack(0x000000097ba00000,0x000000097bb00000) (1024K)]
  0x000001248eeb4bd0 JavaThread "Thread-9"                   daemon [_thread_in_native, id=15540, stack(0x000000097bb00000,0x000000097bc00000) (1024K)]
  0x000001248eeb2b00 JavaThread "Thread-10"                  daemon [_thread_in_native, id=17364, stack(0x000000097bc00000,0x000000097bd00000) (1024K)]
  0x000001248eeadc40 JavaThread "Thread-11"                  daemon [_thread_in_native, id=24784, stack(0x000000097bd00000,0x000000097be00000) (1024K)]
  0x000001248eeb03a0 JavaThread "Thread-12"                  daemon [_thread_in_native, id=22728, stack(0x000000097be00000,0x000000097bf00000) (1024K)]
  0x000001248eeb2470 JavaThread "Thread-13"                  daemon [_thread_in_native, id=25344, stack(0x000000097bf00000,0x000000097c000000) (1024K)]
  0x000001248eeb5260 JavaThread "pool-2-thread-1"                   [_thread_blocked, id=2576, stack(0x000000097c000000,0x000000097c100000) (1024K)]
  0x000001248eeaeff0 JavaThread "WorkspaceEventsHandler"            [_thread_blocked, id=2808, stack(0x000000097c100000,0x000000097c200000) (1024K)]
  0x000001248eeb1750 JavaThread "pool-1-thread-1"                   [_thread_blocked, id=22688, stack(0x000000097c200000,0x000000097c300000) (1024K)]
  0x000001249b563c20 JavaThread "Cleaner-0"                  daemon [_thread_blocked, id=23416, stack(0x000000097ad00000,0x000000097ae00000) (1024K)]
  0x000001249b560110 JavaThread "Worker-8"                          [_thread_blocked, id=7932, stack(0x0000000978800000,0x0000000978900000) (1024K)]
  0x000001248ed2fd60 JavaThread "Worker-9"                          [_thread_blocked, id=20660, stack(0x000000097aa00000,0x000000097ab00000) (1024K)]
  0x000001248ed317a0 JavaThread "Java Debug Server"          daemon [_thread_in_native, id=5752, stack(0x000000097c500000,0x000000097c600000) (1024K)]
  0x000001248ed324c0 JavaThread "pool-5-thread-1"                   [_thread_in_native, id=10288, stack(0x000000097a800000,0x000000097a900000) (1024K)]
  0x000001248ed331e0 JavaThread "RxSchedulerPurge-1"         daemon [_thread_blocked, id=10868, stack(0x000000097c600000,0x000000097c700000) (1024K)]
  0x000001248ed33f00 JavaThread "RxCachedWorkerPoolEvictor-1" daemon [_thread_blocked, id=19020, stack(0x000000097c700000,0x000000097c800000) (1024K)]
  0x00000124896d9eb0 JavaThread "RxNewThreadScheduler-1"     daemon [_thread_blocked, id=25192, stack(0x000000097c800000,0x000000097c900000) (1024K)]
  0x00000124896d8470 JavaThread "process reaper (pid 14928)" daemon [_thread_in_native, id=15652, stack(0x00000009783c0000,0x00000009783e0000) (128K)]
Total: 45

Other Threads:
  0x000001242aea4a70 VMThread "VM Thread"                           [id=21452, stack(0x0000000978c00000,0x0000000978d00000) (1024K)]
  0x00000124460eca00 WatcherThread "VM Periodic Task Thread"        [id=3368, stack(0x0000000978b00000,0x0000000978c00000) (1024K)]
  0x000001242ae22d50 WorkerThread "GC Thread#0"                     [id=17108, stack(0x0000000978a00000,0x0000000978b00000) (1024K)]
  0x0000012489798960 WorkerThread "GC Thread#1"                     [id=20488, stack(0x0000000979700000,0x0000000979800000) (1024K)]
  0x0000012489797740 WorkerThread "GC Thread#2"                     [id=6912, stack(0x0000000979800000,0x0000000979900000) (1024K)]
  0x0000012489797ae0 WorkerThread "GC Thread#3"                     [id=21500, stack(0x0000000979900000,0x0000000979a00000) (1024K)]
  0x0000012489797e80 WorkerThread "GC Thread#4"                     [id=2868, stack(0x0000000979a00000,0x0000000979b00000) (1024K)]
  0x0000012489798d00 WorkerThread "GC Thread#5"                     [id=3852, stack(0x0000000979b00000,0x0000000979c00000) (1024K)]
  0x00000124897985c0 WorkerThread "GC Thread#6"                     [id=20896, stack(0x0000000979c00000,0x0000000979d00000) (1024K)]
  0x00000124897990a0 WorkerThread "GC Thread#7"                     [id=23372, stack(0x0000000979f00000,0x000000097a000000) (1024K)]
  0x0000012489cb9590 WorkerThread "GC Thread#8"                     [id=23544, stack(0x000000097a300000,0x000000097a400000) (1024K)]
  0x0000012489cb5f30 WorkerThread "GC Thread#9"                     [id=20984, stack(0x000000097a400000,0x000000097a500000) (1024K)]
Total: 12

Threads with active compile tasks:
Total: 0

VM state: not at safepoint (normal execution)

VM Mutex/Monitor currently owned by a thread: None

Heap address: 0x0000000700000000, size: 4096 MB, Compressed Oops mode: Zero based, Oop shift amount: 3

CDS archive(s) mapped at: [0x0000012447000000-0x0000012447ba0000-0x0000012447ba0000), size 12189696, SharedBaseAddress: 0x0000012447000000, ArchiveRelocationMode: 1.
Compressed class space mapped at: 0x0000012448000000-0x0000012488000000, reserved size: 1073741824
Narrow klass base: 0x0000012447000000, Narrow klass shift: 0, Narrow klass range: 0x100000000

GC Precious Log:
 CardTable entry size: 512
 CPUs: 12 total, 12 available
 Memory: 15755M
 Large Page Support: Disabled
 NUMA Support: Disabled
 Compressed Oops: Enabled (Zero based)
 Alignments: Space 512K, Generation 512K, Heap 2M
 Heap Min Capacity: 100M
 Heap Initial Capacity: 100M
 Heap Max Capacity: 4G
 Pre-touch: Disabled
 Parallel Workers: 10

Heap:
 PSYoungGen      total 3072K, used 1872K [0x00000007aab00000, 0x00000007ab980000, 0x0000000800000000)
  eden space 2560K, 66% used [0x00000007aab00000,0x00000007aacac2c8,0x00000007aad80000)
  from space 512K, 31% used [0x00000007ab900000,0x00000007ab928000,0x00000007ab980000)
  to   space 512K, 0% used [0x00000007ab880000,0x00000007ab880000,0x00000007ab900000)
 ParOldGen       total 169984K, used 169634K [0x0000000700000000, 0x000000070a600000, 0x00000007aab00000)
  object space 169984K, 99% used [0x0000000700000000,0x000000070a5a8b38,0x000000070a600000)
 Metaspace       used 84013K, committed 85760K, reserved 1179648K
  class space    used 8716K, committed 9472K, reserved 1048576K

Card table byte_map: [0x000001243d000000,0x000001243d810000] _byte_map_base: 0x0000012439800000

Marking Bits: (ParMarkBitMap*) 0x00007ff8f10b2460
 Begin Bits: [0x000001243d810000, 0x0000012441810000)
 End Bits:   [0x0000012441810000, 0x0000012445810000)

Polling page: 0x000001242a5c0000

Metaspace:

Usage:
  Non-class:     73.53 MB used.
      Class:      8.51 MB used.
       Both:     82.04 MB used.

Virtual space:
  Non-class space:      128.00 MB reserved,      74.50 MB ( 58%) committed,  2 nodes.
      Class space:        1.00 GB reserved,       9.25 MB ( <1%) committed,  1 nodes.
             Both:        1.12 GB reserved,      83.75 MB (  7%) committed. 

Chunk freelists:
   Non-Class:  5.41 MB
       Class:  6.65 MB
        Both:  12.05 MB

MaxMetaspaceSize: unlimited
CompressedClassSpaceSize: 1.00 GB
Initial GC threshold: 21.00 MB
Current GC threshold: 122.44 MB
CDS: on
 - commit_granule_bytes: 65536.
 - commit_granule_words: 8192.
 - virtual_space_node_default_size: 8388608.
 - enlarge_chunks_in_place: 1.
 - use_allocation_guard: 0.


Internal statistics:

num_allocs_failed_limit: 9.
num_arena_births: 1574.
num_arena_deaths: 14.
num_vsnodes_births: 3.
num_vsnodes_deaths: 0.
num_space_committed: 1340.
num_space_uncommitted: 0.
num_chunks_returned_to_freelist: 23.
num_chunks_taken_from_freelist: 5640.
num_chunk_merges: 7.
num_chunk_splits: 3327.
num_chunks_enlarged: 1702.
num_inconsistent_stats: 0.

CodeHeap 'non-profiled nmethods': size=120000Kb used=14672Kb max_used=14672Kb free=105327Kb
 bounds [0x0000012435ad0000, 0x0000012436930000, 0x000001243d000000]
CodeHeap 'profiled nmethods': size=120000Kb used=42044Kb max_used=42044Kb free=77955Kb
 bounds [0x000001242e000000, 0x0000012430910000, 0x0000012435530000]
CodeHeap 'non-nmethods': size=5760Kb used=1530Kb max_used=1593Kb free=4229Kb
 bounds [0x0000012435530000, 0x00000124357a0000, 0x0000012435ad0000]
CodeCache: size=245760Kb, used=58246Kb, max_used=58309Kb, free=187511Kb
 total_blobs=17555, nmethods=16701, adapters=757, full_count=0
Compilation: enabled, stopped_count=0, restarted_count=0

Compilation events (20 events):
Event: 15635.127 Thread 0x00000124886d82e0 18374       1       org.eclipse.core.internal.jobs.InternalJob::getProgressMonitor (5 bytes)
Event: 15635.128 Thread 0x00000124886d82e0 nmethod 18374 0x0000012436922310 code [0x00000124369224a0, 0x0000012436922570]
Event: 16535.191 Thread 0x00000124886d82e0 18375   !   3       org.eclipse.core.internal.jobs.JobListeners::waitAndSendEvents (445 bytes)
Event: 16535.224 Thread 0x00000124886d82e0 nmethod 18375 0x0000012430907210 code [0x0000012430907840, 0x000001243090a6b0]
Event: 18190.607 Thread 0x0000012446208f60 18376       4       java.util.concurrent.locks.ReentrantReadWriteLock$Sync::tryReleaseShared (146 bytes)
Event: 18190.642 Thread 0x0000012446208f60 nmethod 18376 0x0000012436922610 code [0x0000012436922820, 0x0000012436922fe0]
Event: 18714.815 Thread 0x0000012446208f60 18378   !   4       java.util.concurrent.locks.AbstractQueuedSynchronizer::reacquire (64 bytes)
Event: 18714.819 Thread 0x0000012446208f60 nmethod 18378 0x0000012436923a90 code [0x0000012436923c40, 0x0000012436923e30]
Event: 19766.742 Thread 0x00000124886d82e0 18379       3       io.reactivex.internal.schedulers.IoScheduler$CachedWorkerPool::run (5 bytes)
Event: 19766.744 Thread 0x00000124886d82e0 nmethod 18379 0x000001243090be10 code [0x000001243090bfc0, 0x000001243090c0f8]
Event: 19766.744 Thread 0x00000124886d82e0 18380       3       io.reactivex.internal.schedulers.IoScheduler$CachedWorkerPool::evictExpiredWorkers (79 bytes)
Event: 19766.762 Thread 0x00000124886d82e0 nmethod 18380 0x000001243090c190 code [0x000001243090c420, 0x000001243090cf68]
Event: 20135.325 Thread 0x00000124886d82e0 18381       1       org.eclipse.core.internal.jobs.InternalJob::getName (5 bytes)
Event: 20135.326 Thread 0x00000124886d82e0 nmethod 18381 0x0000012436923f90 code [0x0000012436924120, 0x00000124369241f0]
Event: 20135.326 Thread 0x00000124886d82e0 18382       3       org.eclipse.core.runtime.Status::matches (13 bytes)
Event: 20135.327 Thread 0x00000124886d82e0 nmethod 18382 0x000001243090d390 code [0x000001243090d540, 0x000001243090d6b8]
Event: 21035.337 Thread 0x00000124886d82e0 18383   !   3       org.eclipse.core.internal.jobs.JobListeners::sendEvent (115 bytes)
Event: 21035.354 Thread 0x00000124886d82e0 nmethod 18383 0x000001243090d790 code [0x000001243090da20, 0x000001243090e720]
Event: 21935.340 Thread 0x00000124886d82e0 18384       3       org.eclipse.core.internal.jobs.InternalJob::remove (48 bytes)
Event: 21935.414 Thread 0x00000124886d82e0 nmethod 18384 0x000001243090ec90 code [0x000001243090ee40, 0x000001243090f070]

GC Heap History (20 events):
Event: 4408.367 GC heap before
{Heap before GC invocations=271 (full 4):
 PSYoungGen      total 3072K, used 3048K [0x00000007aab00000, 0x00000007ab980000, 0x0000000800000000)
  eden space 2560K, 99% used [0x00000007aab00000,0x00000007aad7ffb8,0x00000007aad80000)
  from space 512K, 95% used [0x00000007ab900000,0x00000007ab97a400,0x00000007ab980000)
  to   space 1024K, 0% used [0x00000007ab780000,0x00000007ab780000,0x00000007ab880000)
 ParOldGen       total 167936K, used 167925K [0x0000000700000000, 0x000000070a400000, 0x00000007aab00000)
  object space 167936K, 99% used [0x0000000700000000,0x000000070a3fd6f8,0x000000070a400000)
 Metaspace       used 83944K, committed 85696K, reserved 1179648K
  class space    used 8716K, committed 9472K, reserved 1048576K
}
Event: 4408.371 GC heap after
{Heap after GC invocations=271 (full 4):
 PSYoungGen      total 3584K, used 352K [0x00000007aab00000, 0x00000007ab980000, 0x0000000800000000)
  eden space 2560K, 0% used [0x00000007aab00000,0x00000007aab00000,0x00000007aad80000)
  from space 1024K, 34% used [0x00000007ab780000,0x00000007ab7d8000,0x00000007ab880000)
  to   space 512K, 0% used [0x00000007ab900000,0x00000007ab900000,0x00000007ab980000)
 ParOldGen       total 168448K, used 168326K [0x0000000700000000, 0x000000070a480000, 0x00000007aab00000)
  object space 168448K, 99% used [0x0000000700000000,0x000000070a461b08,0x000000070a480000)
 Metaspace       used 83944K, committed 85696K, reserved 1179648K
  class space    used 8716K, committed 9472K, reserved 1048576K
}
Event: 4408.509 GC heap before
{Heap before GC invocations=272 (full 4):
 PSYoungGen      total 3584K, used 2912K [0x00000007aab00000, 0x00000007ab980000, 0x0000000800000000)
  eden space 2560K, 100% used [0x00000007aab00000,0x00000007aad80000,0x00000007aad80000)
  from space 1024K, 34% used [0x00000007ab780000,0x00000007ab7d8000,0x00000007ab880000)
  to   space 512K, 0% used [0x00000007ab900000,0x00000007ab900000,0x00000007ab980000)
 ParOldGen       total 168448K, used 168326K [0x0000000700000000, 0x000000070a480000, 0x00000007aab00000)
  object space 168448K, 99% used [0x0000000700000000,0x000000070a461b08,0x000000070a480000)
 Metaspace       used 83947K, committed 85696K, reserved 1179648K
  class space    used 8716K, committed 9472K, reserved 1048576K
}
Event: 4408.512 GC heap after
{Heap after GC invocations=272 (full 4):
 PSYoungGen      total 3072K, used 384K [0x00000007aab00000, 0x00000007ab980000, 0x0000000800000000)
  eden space 2560K, 0% used [0x00000007aab00000,0x00000007aab00000,0x00000007aad80000)
  from space 512K, 75% used [0x00000007ab900000,0x00000007ab960000,0x00000007ab980000)
  to   space 512K, 0% used [0x00000007ab880000,0x00000007ab880000,0x00000007ab900000)
 ParOldGen       total 168960K, used 168534K [0x0000000700000000, 0x000000070a500000, 0x00000007aab00000)
  object space 168960K, 99% used [0x0000000700000000,0x000000070a495b08,0x000000070a500000)
 Metaspace       used 83947K, committed 85696K, reserved 1179648K
  class space    used 8716K, committed 9472K, reserved 1048576K
}
Event: 4408.541 GC heap before
{Heap before GC invocations=273 (full 4):
 PSYoungGen      total 3072K, used 2944K [0x00000007aab00000, 0x00000007ab980000, 0x0000000800000000)
  eden space 2560K, 100% used [0x00000007aab00000,0x00000007aad80000,0x00000007aad80000)
  from space 512K, 75% used [0x00000007ab900000,0x00000007ab960000,0x00000007ab980000)
  to   space 512K, 0% used [0x00000007ab880000,0x00000007ab880000,0x00000007ab900000)
 ParOldGen       total 168960K, used 168534K [0x0000000700000000, 0x000000070a500000, 0x00000007aab00000)
  object space 168960K, 99% used [0x0000000700000000,0x000000070a495b08,0x000000070a500000)
 Metaspace       used 83949K, committed 85696K, reserved 1179648K
  class space    used 8716K, committed 9472K, reserved 1048576K
}
Event: 4408.544 GC heap after
{Heap after GC invocations=273 (full 4):
 PSYoungGen      total 3072K, used 288K [0x00000007aab00000, 0x00000007ab980000, 0x0000000800000000)
  eden space 2560K, 0% used [0x00000007aab00000,0x00000007aab00000,0x00000007aad80000)
  from space 512K, 56% used [0x00000007ab880000,0x00000007ab8c8000,0x00000007ab900000)
  to   space 512K, 0% used [0x00000007ab900000,0x00000007ab900000,0x00000007ab980000)
 ParOldGen       total 168960K, used 168826K [0x0000000700000000, 0x000000070a500000, 0x00000007aab00000)
  object space 168960K, 99% used [0x0000000700000000,0x000000070a4deb18,0x000000070a500000)
 Metaspace       used 83949K, committed 85696K, reserved 1179648K
  class space    used 8716K, committed 9472K, reserved 1048576K
}
Event: 4408.621 GC heap before
{Heap before GC invocations=274 (full 4):
 PSYoungGen      total 3072K, used 2848K [0x00000007aab00000, 0x00000007ab980000, 0x0000000800000000)
  eden space 2560K, 100% used [0x00000007aab00000,0x00000007aad80000,0x00000007aad80000)
  from space 512K, 56% used [0x00000007ab880000,0x00000007ab8c8000,0x00000007ab900000)
  to   space 512K, 0% used [0x00000007ab900000,0x00000007ab900000,0x00000007ab980000)
 ParOldGen       total 168960K, used 168826K [0x0000000700000000, 0x000000070a500000, 0x00000007aab00000)
  object space 168960K, 99% used [0x0000000700000000,0x000000070a4deb18,0x000000070a500000)
 Metaspace       used 83949K, committed 85696K, reserved 1179648K
  class space    used 8716K, committed 9472K, reserved 1048576K
}
Event: 4408.624 GC heap after
{Heap after GC invocations=274 (full 4):
 PSYoungGen      total 3072K, used 256K [0x00000007aab00000, 0x00000007ab980000, 0x0000000800000000)
  eden space 2560K, 0% used [0x00000007aab00000,0x00000007aab00000,0x00000007aad80000)
  from space 512K, 50% used [0x00000007ab900000,0x00000007ab940000,0x00000007ab980000)
  to   space 512K, 0% used [0x00000007ab880000,0x00000007ab880000,0x00000007ab900000)
 ParOldGen       total 168960K, used 168938K [0x0000000700000000, 0x000000070a500000, 0x00000007aab00000)
  object space 168960K, 99% used [0x0000000700000000,0x000000070a4fab18,0x000000070a500000)
 Metaspace       used 83949K, committed 85696K, reserved 1179648K
  class space    used 8716K, committed 9472K, reserved 1048576K
}
Event: 4408.754 GC heap before
{Heap before GC invocations=275 (full 4):
 PSYoungGen      total 3072K, used 2816K [0x00000007aab00000, 0x00000007ab980000, 0x0000000800000000)
  eden space 2560K, 100% used [0x00000007aab00000,0x00000007aad80000,0x00000007aad80000)
  from space 512K, 50% used [0x00000007ab900000,0x00000007ab940000,0x00000007ab980000)
  to   space 512K, 0% used [0x00000007ab880000,0x00000007ab880000,0x00000007ab900000)
 ParOldGen       total 168960K, used 168938K [0x0000000700000000, 0x000000070a500000, 0x00000007aab00000)
  object space 168960K, 99% used [0x0000000700000000,0x000000070a4fab18,0x000000070a500000)
 Metaspace       used 83949K, committed 85696K, reserved 1179648K
  class space    used 8716K, committed 9472K, reserved 1048576K
}
Event: 4408.757 GC heap after
{Heap after GC invocations=275 (full 4):
 PSYoungGen      total 3072K, used 288K [0x00000007aab00000, 0x00000007ab980000, 0x0000000800000000)
  eden space 2560K, 0% used [0x00000007aab00000,0x00000007aab00000,0x00000007aad80000)
  from space 512K, 56% used [0x00000007ab880000,0x00000007ab8c8000,0x00000007ab900000)
  to   space 512K, 0% used [0x00000007ab900000,0x00000007ab900000,0x00000007ab980000)
 ParOldGen       total 169472K, used 169058K [0x0000000700000000, 0x000000070a580000, 0x00000007aab00000)
  object space 169472K, 99% used [0x0000000700000000,0x000000070a518b18,0x000000070a580000)
 Metaspace       used 83949K, committed 85696K, reserved 1179648K
  class space    used 8716K, committed 9472K, reserved 1048576K
}
Event: 4408.863 GC heap before
{Heap before GC invocations=276 (full 4):
 PSYoungGen      total 3072K, used 2848K [0x00000007aab00000, 0x00000007ab980000, 0x0000000800000000)
  eden space 2560K, 100% used [0x00000007aab00000,0x00000007aad80000,0x00000007aad80000)
  from space 512K, 56% used [0x00000007ab880000,0x00000007ab8c8000,0x00000007ab900000)
  to   space 512K, 0% used [0x00000007ab900000,0x00000007ab900000,0x00000007ab980000)
 ParOldGen       total 169472K, used 169058K [0x0000000700000000, 0x000000070a580000, 0x00000007aab00000)
  object space 169472K, 99% used [0x0000000700000000,0x000000070a518b18,0x000000070a580000)
 Metaspace       used 83949K, committed 85696K, reserved 1179648K
  class space    used 8716K, committed 9472K, reserved 1048576K
}
Event: 4408.871 GC heap after
{Heap after GC invocations=276 (full 4):
 PSYoungGen      total 3072K, used 320K [0x00000007aab00000, 0x00000007ab980000, 0x0000000800000000)
  eden space 2560K, 0% used [0x00000007aab00000,0x00000007aab00000,0x00000007aad80000)
  from space 512K, 62% used [0x00000007ab900000,0x00000007ab950020,0x00000007ab980000)
  to   space 512K, 0% used [0x00000007ab880000,0x00000007ab880000,0x00000007ab900000)
 ParOldGen       total 169472K, used 169178K [0x0000000700000000, 0x000000070a580000, 0x00000007aab00000)
  object space 169472K, 99% used [0x0000000700000000,0x000000070a536b18,0x000000070a580000)
 Metaspace       used 83949K, committed 85696K, reserved 1179648K
  class space    used 8716K, committed 9472K, reserved 1048576K
}
Event: 5554.827 GC heap before
{Heap before GC invocations=277 (full 4):
 PSYoungGen      total 3072K, used 2880K [0x00000007aab00000, 0x00000007ab980000, 0x0000000800000000)
  eden space 2560K, 99% used [0x00000007aab00000,0x00000007aad7fff0,0x00000007aad80000)
  from space 512K, 62% used [0x00000007ab900000,0x00000007ab950020,0x00000007ab980000)
  to   space 512K, 0% used [0x00000007ab880000,0x00000007ab880000,0x00000007ab900000)
 ParOldGen       total 169472K, used 169178K [0x0000000700000000, 0x000000070a580000, 0x00000007aab00000)
  object space 169472K, 99% used [0x0000000700000000,0x000000070a536b18,0x000000070a580000)
 Metaspace       used 83970K, committed 85696K, reserved 1179648K
  class space    used 8716K, committed 9472K, reserved 1048576K
}
Event: 5554.831 GC heap after
{Heap after GC invocations=277 (full 4):
 PSYoungGen      total 3072K, used 416K [0x00000007aab00000, 0x00000007ab980000, 0x0000000800000000)
  eden space 2560K, 0% used [0x00000007aab00000,0x00000007aab00000,0x00000007aad80000)
  from space 512K, 81% used [0x00000007ab880000,0x00000007ab8e8000,0x00000007ab900000)
  to   space 512K, 0% used [0x00000007ab900000,0x00000007ab900000,0x00000007ab980000)
 ParOldGen       total 169472K, used 169378K [0x0000000700000000, 0x000000070a580000, 0x00000007aab00000)
  object space 169472K, 99% used [0x0000000700000000,0x000000070a568b38,0x000000070a580000)
 Metaspace       used 83970K, committed 85696K, reserved 1179648K
  class space    used 8716K, committed 9472K, reserved 1048576K
}
Event: 10799.827 GC heap before
{Heap before GC invocations=278 (full 4):
 PSYoungGen      total 3072K, used 2976K [0x00000007aab00000, 0x00000007ab980000, 0x0000000800000000)
  eden space 2560K, 100% used [0x00000007aab00000,0x00000007aad80000,0x00000007aad80000)
  from space 512K, 81% used [0x00000007ab880000,0x00000007ab8e8000,0x00000007ab900000)
  to   space 512K, 0% used [0x00000007ab900000,0x00000007ab900000,0x00000007ab980000)
 ParOldGen       total 169472K, used 169378K [0x0000000700000000, 0x000000070a580000, 0x00000007aab00000)
  object space 169472K, 99% used [0x0000000700000000,0x000000070a568b38,0x000000070a580000)
 Metaspace       used 83986K, committed 85696K, reserved 1179648K
  class space    used 8716K, committed 9472K, reserved 1048576K
}
Event: 10799.847 GC heap after
{Heap after GC invocations=278 (full 4):
 PSYoungGen      total 3072K, used 160K [0x00000007aab00000, 0x00000007ab980000, 0x0000000800000000)
  eden space 2560K, 0% used [0x00000007aab00000,0x00000007aab00000,0x00000007aad80000)
  from space 512K, 31% used [0x00000007ab900000,0x00000007ab928000,0x00000007ab980000)
  to   space 512K, 0% used [0x00000007ab880000,0x00000007ab880000,0x00000007ab900000)
 ParOldGen       total 169984K, used 169618K [0x0000000700000000, 0x000000070a600000, 0x00000007aab00000)
  object space 169984K, 99% used [0x0000000700000000,0x000000070a5a4b38,0x000000070a600000)
 Metaspace       used 83986K, committed 85696K, reserved 1179648K
  class space    used 8716K, committed 9472K, reserved 1048576K
}
Event: 16340.824 GC heap before
{Heap before GC invocations=279 (full 4):
 PSYoungGen      total 3072K, used 2720K [0x00000007aab00000, 0x00000007ab980000, 0x0000000800000000)
  eden space 2560K, 100% used [0x00000007aab00000,0x00000007aad80000,0x00000007aad80000)
  from space 512K, 31% used [0x00000007ab900000,0x00000007ab928000,0x00000007ab980000)
  to   space 512K, 0% used [0x00000007ab880000,0x00000007ab880000,0x00000007ab900000)
 ParOldGen       total 169984K, used 169618K [0x0000000700000000, 0x000000070a600000, 0x00000007aab00000)
  object space 169984K, 99% used [0x0000000700000000,0x000000070a5a4b38,0x000000070a600000)
 Metaspace       used 84007K, committed 85696K, reserved 1179648K
  class space    used 8716K, committed 9472K, reserved 1048576K
}
Event: 16340.842 GC heap after
{Heap after GC invocations=279 (full 4):
 PSYoungGen      total 3072K, used 128K [0x00000007aab00000, 0x00000007ab980000, 0x0000000800000000)
  eden space 2560K, 0% used [0x00000007aab00000,0x00000007aab00000,0x00000007aad80000)
  from space 512K, 25% used [0x00000007ab880000,0x00000007ab8a0000,0x00000007ab900000)
  to   space 512K, 0% used [0x00000007ab900000,0x00000007ab900000,0x00000007ab980000)
 ParOldGen       total 169984K, used 169634K [0x0000000700000000, 0x000000070a600000, 0x00000007aab00000)
  object space 169984K, 99% used [0x0000000700000000,0x000000070a5a8b38,0x000000070a600000)
 Metaspace       used 84007K, committed 85696K, reserved 1179648K
  class space    used 8716K, committed 9472K, reserved 1048576K
}
Event: 21935.344 GC heap before
{Heap before GC invocations=280 (full 4):
 PSYoungGen      total 3072K, used 2688K [0x00000007aab00000, 0x00000007ab980000, 0x0000000800000000)
  eden space 2560K, 100% used [0x00000007aab00000,0x00000007aad80000,0x00000007aad80000)
  from space 512K, 25% used [0x00000007ab880000,0x00000007ab8a0000,0x00000007ab900000)
  to   space 512K, 0% used [0x00000007ab900000,0x00000007ab900000,0x00000007ab980000)
 ParOldGen       total 169984K, used 169634K [0x0000000700000000, 0x000000070a600000, 0x00000007aab00000)
  object space 169984K, 99% used [0x0000000700000000,0x000000070a5a8b38,0x000000070a600000)
 Metaspace       used 84013K, committed 85760K, reserved 1179648K
  class space    used 8716K, committed 9472K, reserved 1048576K
}
Event: 21935.413 GC heap after
{Heap after GC invocations=280 (full 4):
 PSYoungGen      total 3072K, used 160K [0x00000007aab00000, 0x00000007ab980000, 0x0000000800000000)
  eden space 2560K, 0% used [0x00000007aab00000,0x00000007aab00000,0x00000007aad80000)
  from space 512K, 31% used [0x00000007ab900000,0x00000007ab928000,0x00000007ab980000)
  to   space 512K, 0% used [0x00000007ab880000,0x00000007ab880000,0x00000007ab900000)
 ParOldGen       total 169984K, used 169634K [0x0000000700000000, 0x000000070a600000, 0x00000007aab00000)
  object space 169984K, 99% used [0x0000000700000000,0x000000070a5a8b38,0x000000070a600000)
 Metaspace       used 84013K, committed 85760K, reserved 1179648K
  class space    used 8716K, committed 9472K, reserved 1048576K
}

Dll operation events (12 events):
Event: 1.244 Loaded shared library c:\Users\ASUS\.antigravity\extensions\redhat.java-1.50.0-win32-x64\jre\21.0.9-win32-x86_64\bin\java.dll
Event: 1.386 Loaded shared library c:\Users\ASUS\.antigravity\extensions\redhat.java-1.50.0-win32-x64\jre\21.0.9-win32-x86_64\bin\zip.dll
Event: 1.646 Loaded shared library C:\Users\ASUS\.antigravity\extensions\redhat.java-1.50.0-win32-x64\jre\21.0.9-win32-x86_64\bin\instrument.dll
Event: 1.666 Loaded shared library C:\Users\ASUS\.antigravity\extensions\redhat.java-1.50.0-win32-x64\jre\21.0.9-win32-x86_64\bin\net.dll
Event: 1.673 Loaded shared library C:\Users\ASUS\.antigravity\extensions\redhat.java-1.50.0-win32-x64\jre\21.0.9-win32-x86_64\bin\nio.dll
Event: 1.679 Loaded shared library C:\Users\ASUS\.antigravity\extensions\redhat.java-1.50.0-win32-x64\jre\21.0.9-win32-x86_64\bin\zip.dll
Event: 1.730 Loaded shared library C:\Users\ASUS\.antigravity\extensions\redhat.java-1.50.0-win32-x64\jre\21.0.9-win32-x86_64\bin\jimage.dll
Event: 1.936 Loaded shared library c:\Users\ASUS\.antigravity\extensions\redhat.java-1.50.0-win32-x64\jre\21.0.9-win32-x86_64\bin\verify.dll
Event: 11.267 Loaded shared library C:\Users\ASUS\AppData\Roaming\Antigravity\User\globalStorage\redhat.java\1.50.0\config_win\org.eclipse.equinox.launcher\org.eclipse.equinox.launcher.win32.win32.x86_64_1.2.1400.v20250801-0854\eclipse_11916.dll
Event: 34.416 Loaded shared library D:\APP\AppData\Local\Temp\jna-2018896\jna18077660940939268332.dll
Event: 42.895 Loaded shared library C:\Users\ASUS\.antigravity\extensions\redhat.java-1.50.0-win32-x64\jre\21.0.9-win32-x86_64\bin\sunmscapi.dll
Event: 45.063 Loaded shared library C:\Users\ASUS\.antigravity\extensions\redhat.java-1.50.0-win32-x64\jre\21.0.9-win32-x86_64\bin\extnet.dll

Deoptimization events (20 events):
Event: 4417.167 Thread 0x000001248e26baa0 DEOPT PACKING pc=0x000001242f15f19c sp=0x0000000979dff1d0
Event: 4417.167 Thread 0x000001248e26baa0 DEOPT UNPACKING pc=0x0000012435584242 sp=0x0000000979dfe690 mode 0
Event: 4464.844 Thread 0x000001248ed33f00 DEOPT PACKING pc=0x000001242f15f19c sp=0x000000097c7ff520
Event: 4464.845 Thread 0x000001248ed33f00 DEOPT UNPACKING pc=0x0000012435584242 sp=0x000000097c7fe9e0 mode 0
Event: 8476.828 Thread 0x000001248ed331e0 Uncommon trap: trap_request=0xffffffd6 fr.pc=0x000001243691ea74 relative=0x0000000000000334
Event: 8476.828 Thread 0x000001248ed331e0 Uncommon trap: reason=array_check action=maybe_recompile pc=0x000001243691ea74 method=java.util.concurrent.ScheduledThreadPoolExecutor$DelayedWorkQueue.offer(Ljava/lang/Runnable;)Z @ 65 c2
Event: 8476.828 Thread 0x000001248ed331e0 DEOPT PACKING pc=0x000001243691ea74 sp=0x000000097c6ff1c0
Event: 8476.828 Thread 0x000001248ed331e0 DEOPT UNPACKING pc=0x0000012435583aa2 sp=0x000000097c6ff060 mode 2
Event: 8477.816 Thread 0x000001248ed331e0 Uncommon trap: trap_request=0xffffffd6 fr.pc=0x000001243691ea74 relative=0x0000000000000334
Event: 8477.816 Thread 0x000001248ed331e0 Uncommon trap: reason=array_check action=maybe_recompile pc=0x000001243691ea74 method=java.util.concurrent.ScheduledThreadPoolExecutor$DelayedWorkQueue.offer(Ljava/lang/Runnable;)Z @ 65 c2
Event: 8477.816 Thread 0x000001248ed331e0 DEOPT PACKING pc=0x000001243691ea74 sp=0x000000097c6ff1c0
Event: 8477.817 Thread 0x000001248ed331e0 DEOPT UNPACKING pc=0x0000012435583aa2 sp=0x000000097c6ff060 mode 2
Event: 8478.825 Thread 0x000001248ed331e0 Uncommon trap: trap_request=0xffffffd6 fr.pc=0x000001243691ea74 relative=0x0000000000000334
Event: 8478.825 Thread 0x000001248ed331e0 Uncommon trap: reason=array_check action=maybe_recompile pc=0x000001243691ea74 method=java.util.concurrent.ScheduledThreadPoolExecutor$DelayedWorkQueue.offer(Ljava/lang/Runnable;)Z @ 65 c2
Event: 8478.825 Thread 0x000001248ed331e0 DEOPT PACKING pc=0x000001243691ea74 sp=0x000000097c6ff1c0
Event: 8478.825 Thread 0x000001248ed331e0 DEOPT UNPACKING pc=0x0000012435583aa2 sp=0x000000097c6ff060 mode 2
Event: 8479.824 Thread 0x000001248ed331e0 Uncommon trap: trap_request=0xffffffd6 fr.pc=0x000001243691ea74 relative=0x0000000000000334
Event: 8479.824 Thread 0x000001248ed331e0 Uncommon trap: reason=array_check action=maybe_recompile pc=0x000001243691ea74 method=java.util.concurrent.ScheduledThreadPoolExecutor$DelayedWorkQueue.offer(Ljava/lang/Runnable;)Z @ 65 c2
Event: 8479.824 Thread 0x000001248ed331e0 DEOPT PACKING pc=0x000001243691ea74 sp=0x000000097c6ff1c0
Event: 8479.824 Thread 0x000001248ed331e0 DEOPT UNPACKING pc=0x0000012435583aa2 sp=0x000000097c6ff060 mode 2

Classes loaded (20 events):
Event: 4405.184 Loading class java/util/TaskQueue
Event: 4405.185 Loading class java/util/TaskQueue done
Event: 4405.185 Loading class java/util/TimerThread
Event: 4405.185 Loading class java/util/TimerThread done
Event: 4405.185 Loading class java/util/Timer$ThreadReaper
Event: 4405.185 Loading class java/util/Timer$ThreadReaper done
Event: 4405.194 Loading class java/util/concurrent/CompletableFuture$UniWhenComplete
Event: 4405.194 Loading class java/util/concurrent/CompletableFuture$UniWhenComplete done
Event: 4405.195 Loading class java/util/concurrent/CompletableFuture$UniCompose
Event: 4405.196 Loading class java/util/concurrent/CompletableFuture$UniCompose done
Event: 4405.196 Loading class java/util/concurrent/CompletableFuture$UniRelay
Event: 4405.196 Loading class java/util/concurrent/CompletableFuture$UniRelay done
Event: 4405.819 Loading class java/util/concurrent/ScheduledThreadPoolExecutor$DelayedWorkQueue$Itr
Event: 4405.820 Loading class java/util/concurrent/ScheduledThreadPoolExecutor$DelayedWorkQueue$Itr done
Event: 4407.908 Loading class java/lang/ProcessHandleImpl$ExitCompletion
Event: 4407.909 Loading class java/lang/ProcessHandleImpl$ExitCompletion done
Event: 4407.909 Loading class java/lang/ProcessHandleImpl$1
Event: 4407.909 Loading class java/lang/ProcessHandleImpl$1 done
Event: 4407.919 Loading class java/util/concurrent/CompletableFuture$UniHandle
Event: 4407.920 Loading class java/util/concurrent/CompletableFuture$UniHandle done

Classes unloaded (7 events):
Event: 36.058 Thread 0x000001242aea4a70 Unloading class 0x00000124481a8800 'java/lang/invoke/LambdaForm$MH+0x00000124481a8800'
Event: 36.058 Thread 0x000001242aea4a70 Unloading class 0x00000124481a8400 'java/lang/invoke/LambdaForm$MH+0x00000124481a8400'
Event: 36.058 Thread 0x000001242aea4a70 Unloading class 0x00000124481a8000 'java/lang/invoke/LambdaForm$MH+0x00000124481a8000'
Event: 36.058 Thread 0x000001242aea4a70 Unloading class 0x00000124481a7c00 'java/lang/invoke/LambdaForm$MH+0x00000124481a7c00'
Event: 36.058 Thread 0x000001242aea4a70 Unloading class 0x00000124481a7800 'java/lang/invoke/LambdaForm$BMH+0x00000124481a7800'
Event: 36.058 Thread 0x000001242aea4a70 Unloading class 0x00000124481a7400 'java/lang/invoke/LambdaForm$DMH+0x00000124481a7400'
Event: 36.058 Thread 0x000001242aea4a70 Unloading class 0x00000124481a6400 'java/lang/invoke/LambdaForm$DMH+0x00000124481a6400'

Classes redefined (0 events):
No events

Internal exceptions (20 events):
Event: 4406.352 Thread 0x000001248eeb1750 Exception <a 'java/lang/IncompatibleClassChangeError'{0x00000007aab69468}: Found class java.lang.Object, but interface was expected> (0x00000007aab69468) 
thrown [s\src\hotspot\share\interpreter\linkResolver.cpp, line 840]
Event: 4406.933 Thread 0x00000124896d7de0 Exception <a 'java/lang/NoSuchMethodError'{0x00000007aab8bf90}: 'long java.lang.invoke.DelegatingMethodHandle$Holder.reinvoke_L(java.lang.Object, java.lang.Object)'> (0x00000007aab8bf90) 
thrown [s\src\hotspot\share\interpreter\linkResolver.cpp, line 773]
Event: 4406.934 Thread 0x00000124896d7de0 Exception <a 'java/lang/NoSuchMethodError'{0x00000007aab95ef8}: 'void java.lang.invoke.DelegatingMethodHandle$Holder.reinvoke_L(java.lang.Object, java.lang.Object, long)'> (0x00000007aab95ef8) 
thrown [s\src\hotspot\share\interpreter\linkResolver.cpp, line 773]
Event: 4407.923 Thread 0x00000124896d7de0 Exception <a 'java/lang/NoSuchMethodError'{0x00000007aac87458}: 'long java.lang.invoke.Invokers$Holder.invokeExact_MT(java.lang.Object, java.lang.Object, java.lang.Object)'> (0x00000007aac87458) 
thrown [s\src\hotspot\share\interpreter\linkResolver.cpp, line 773]
Event: 4407.971 Thread 0x000001248ed31110 Implicit null exception at 0x000001242faffaa5 to 0x000001242faffca5
Event: 4407.971 Thread 0x000001248ed31110 Exception <a 'java/lang/NullPointerException'{0x00000007aac92e10}> (0x00000007aac92e10) 
thrown [s\src\hotspot\share\runtime\sharedRuntime.cpp, line 625]
Event: 4407.971 Thread 0x000001248ed31110 Implicit null exception at 0x000001242faffaa5 to 0x000001242faffca5
Event: 4407.971 Thread 0x000001248ed31110 Exception <a 'java/lang/NullPointerException'{0x00000007aac93518}> (0x00000007aac93518) 
thrown [s\src\hotspot\share\runtime\sharedRuntime.cpp, line 625]
Event: 4407.972 Thread 0x000001248ed31110 Implicit null exception at 0x000001242faffaa5 to 0x000001242faffca5
Event: 4407.972 Thread 0x000001248ed31110 Exception <a 'java/lang/NullPointerException'{0x00000007aaca1700}> (0x00000007aaca1700) 
thrown [s\src\hotspot\share\runtime\sharedRuntime.cpp, line 625]
Event: 4408.042 Thread 0x000001248ed31110 Implicit null exception at 0x000001242faffaa5 to 0x000001242faffca5
Event: 4408.042 Thread 0x000001248ed31110 Exception <a 'java/lang/NullPointerException'{0x00000007aad23ca8}> (0x00000007aad23ca8) 
thrown [s\src\hotspot\share\runtime\sharedRuntime.cpp, line 625]
Event: 4408.448 Thread 0x000001248ed31110 Implicit null exception at 0x000001242faffaa5 to 0x000001242faffca5
Event: 4408.448 Thread 0x000001248ed31110 Exception <a 'java/lang/NullPointerException'{0x00000007aab3e410}> (0x00000007aab3e410) 
thrown [s\src\hotspot\share\runtime\sharedRuntime.cpp, line 625]
Event: 4408.448 Thread 0x000001248ed31110 Implicit null exception at 0x000001242faffaa5 to 0x000001242faffca5
Event: 4408.448 Thread 0x000001248ed31110 Exception <a 'java/lang/NullPointerException'{0x00000007aab3eb18}> (0x00000007aab3eb18) 
thrown [s\src\hotspot\share\runtime\sharedRuntime.cpp, line 625]
Event: 4408.451 Thread 0x000001248ed31110 Implicit null exception at 0x000001242faffaa5 to 0x000001242faffca5
Event: 4408.451 Thread 0x000001248ed31110 Exception <a 'java/lang/NullPointerException'{0x00000007aab4cf78}> (0x00000007aab4cf78) 
thrown [s\src\hotspot\share\runtime\sharedRuntime.cpp, line 625]
Event: 4408.552 Thread 0x000001248ed31110 Implicit null exception at 0x000001242faffaa5 to 0x000001242faffca5
Event: 4408.553 Thread 0x000001248ed31110 Exception <a 'java/lang/NullPointerException'{0x00000007aabcde78}> (0x00000007aabcde78) 
thrown [s\src\hotspot\share\runtime\sharedRuntime.cpp, line 625]

ZGC Phase Switch (0 events):
No events

VM Operations (20 events):
Event: 24654.869 Executing VM operation: HandshakeAllThreads (HandshakeForDeflation)
Event: 24654.869 Executing VM operation: HandshakeAllThreads (HandshakeForDeflation) done
Event: 24654.869 Executing VM operation: RendezvousGCThreads
Event: 24654.869 Executing VM operation: RendezvousGCThreads done
Event: 24715.089 Executing VM operation: HandshakeAllThreads (HandshakeForDeflation)
Event: 24715.089 Executing VM operation: HandshakeAllThreads (HandshakeForDeflation) done
Event: 24715.089 Executing VM operation: RendezvousGCThreads
Event: 24715.089 Executing VM operation: RendezvousGCThreads done
Event: 24775.152 Executing VM operation: HandshakeAllThreads (HandshakeForDeflation)
Event: 24775.152 Executing VM operation: HandshakeAllThreads (HandshakeForDeflation) done
Event: 24775.152 Executing VM operation: RendezvousGCThreads
Event: 24775.152 Executing VM operation: RendezvousGCThreads done
Event: 25195.946 Executing VM operation: HandshakeAllThreads (HandshakeForDeflation)
Event: 25195.946 Executing VM operation: HandshakeAllThreads (HandshakeForDeflation) done
Event: 25195.946 Executing VM operation: RendezvousGCThreads
Event: 25195.946 Executing VM operation: RendezvousGCThreads done
Event: 25376.496 Executing VM operation: HandshakeAllThreads (HandshakeForDeflation)
Event: 25376.497 Executing VM operation: HandshakeAllThreads (HandshakeForDeflation) done
Event: 25376.497 Executing VM operation: RendezvousGCThreads
Event: 25376.497 Executing VM operation: RendezvousGCThreads done

Memory protections (0 events):
No events

Nmethod flushes (20 events):
Event: 70.686 Thread 0x000001242aea4a70 flushing  nmethod 0x000001242ed67510
Event: 70.686 Thread 0x000001242aea4a70 flushing  nmethod 0x000001242ed80410
Event: 70.686 Thread 0x000001242aea4a70 flushing  nmethod 0x000001242ed80810
Event: 70.686 Thread 0x000001242aea4a70 flushing  nmethod 0x000001242edc6590
Event: 70.686 Thread 0x000001242aea4a70 flushing  nmethod 0x000001242edd1190
Event: 70.686 Thread 0x000001242aea4a70 flushing  nmethod 0x000001242edd1610
Event: 70.686 Thread 0x000001242aea4a70 flushing  nmethod 0x000001242edd2110
Event: 70.686 Thread 0x000001242aea4a70 flushing  nmethod 0x000001242edd3f10
Event: 70.686 Thread 0x000001242aea4a70 flushing  nmethod 0x000001242ede9b10
Event: 70.686 Thread 0x000001242aea4a70 flushing  nmethod 0x000001242ee2da10
Event: 70.686 Thread 0x000001242aea4a70 flushing  nmethod 0x000001242ee39810
Event: 70.686 Thread 0x000001242aea4a70 flushing  nmethod 0x000001242ee40110
Event: 70.686 Thread 0x000001242aea4a70 flushing  nmethod 0x000001242ef40d90
Event: 70.686 Thread 0x000001242aea4a70 flushing  nmethod 0x000001242ef4d510
Event: 70.686 Thread 0x000001242aea4a70 flushing  nmethod 0x000001242ef5bd90
Event: 70.686 Thread 0x000001242aea4a70 flushing  nmethod 0x000001242ef6bd10
Event: 70.686 Thread 0x000001242aea4a70 flushing osr nmethod 0x000001242ef88390
Event: 70.686 Thread 0x000001242aea4a70 flushing  nmethod 0x000001242eff0990
Event: 70.686 Thread 0x000001242aea4a70 flushing  nmethod 0x000001242eff4b10
Event: 70.686 Thread 0x000001242aea4a70 flushing  nmethod 0x000001242effdf10

Events (20 events):
Event: 4406.930 Thread 0x000001248ed324c0 Thread added: 0x00000124896d7de0
Event: 4406.930 Thread 0x00000124896d5d10 Thread exited: 0x00000124896d5d10
Event: 4407.895 Thread 0x000001248eddcd40 Thread exited: 0x000001248eddcd40
Event: 4407.918 Thread 0x00000124896d7de0 Thread added: 0x00000124896d8470
Event: 4407.930 Thread 0x00000124896d7de0 Thread exited: 0x00000124896d7de0
Event: 4408.015 Thread 0x00000124886d82e0 Thread added: 0x000001248edd8ff0
Event: 4408.015 Thread 0x00000124886d82e0 Thread added: 0x000001248eddcd40
Event: 4408.913 Thread 0x000001248eddcd40 Thread exited: 0x000001248eddcd40
Event: 4408.913 Thread 0x000001248edd8ff0 Thread exited: 0x000001248edd8ff0
Event: 4468.939 Thread 0x000001248ed31110 Thread exited: 0x000001248ed31110
Event: 4528.946 Thread 0x000001248ed32b50 Thread exited: 0x000001248ed32b50
Event: 4588.952 Thread 0x000001248ed36660 Thread exited: 0x000001248ed36660
Event: 4648.956 Thread 0x000001248ed34590 Thread exited: 0x000001248ed34590
Event: 4708.962 Thread 0x000001248ed37380 Thread exited: 0x000001248ed37380
Event: 4768.971 Thread 0x000001248ed34c20 Thread exited: 0x000001248ed34c20
Event: 4828.984 Thread 0x000001248ed36cf0 Thread exited: 0x000001248ed36cf0
Event: 4888.984 Thread 0x000001248ed31e30 Thread exited: 0x000001248ed31e30
Event: 4948.998 Thread 0x000001248ed33870 Thread exited: 0x000001248ed33870
Event: 5009.009 Thread 0x000001248ed35940 Thread exited: 0x000001248ed35940
Event: 5069.011 Thread 0x000001248ed30a80 Thread exited: 0x000001248ed30a80


Dynamic libraries:
0x00007ff7ff6d0000 - 0x00007ff7ff6de000 	c:\Users\ASUS\.antigravity\extensions\redhat.java-1.50.0-win32-x64\jre\21.0.9-win32-x86_64\bin\java.exe
0x00007ff9a1b70000 - 0x00007ff9a1d87000 	C:\WINDOWS\SYSTEM32\ntdll.dll
0x00007ff973590000 - 0x00007ff9735a9000 	C:\Program Files\Avast Software\Avast\aswhook.dll
0x00007ff9a0220000 - 0x00007ff9a02e4000 	C:\WINDOWS\System32\KERNEL32.DLL
0x00007ff99f400000 - 0x00007ff99f7a6000 	C:\WINDOWS\System32\KERNELBASE.dll
0x00007ff99f020000 - 0x00007ff99f131000 	C:\WINDOWS\System32\ucrtbase.dll
0x00007ff98bd10000 - 0x00007ff98bd28000 	c:\Users\ASUS\.antigravity\extensions\redhat.java-1.50.0-win32-x64\jre\21.0.9-win32-x86_64\bin\jli.dll
0x00007ff9a0650000 - 0x00007ff9a07fe000 	C:\WINDOWS\System32\USER32.dll
0x00007ff99f3d0000 - 0x00007ff99f3f6000 	C:\WINDOWS\System32\win32u.dll
0x00007ff98b160000 - 0x00007ff98b17e000 	c:\Users\ASUS\.antigravity\extensions\redhat.java-1.50.0-win32-x64\jre\21.0.9-win32-x86_64\bin\VCRUNTIME140.dll
0x00007ff99f8c0000 - 0x00007ff99f8e9000 	C:\WINDOWS\System32\GDI32.dll
0x00007ff99f2b0000 - 0x00007ff99f3c8000 	C:\WINDOWS\System32\gdi32full.dll
0x00007ff99f7b0000 - 0x00007ff99f84a000 	C:\WINDOWS\System32\msvcp_win.dll
0x00007ff9888f0000 - 0x00007ff988b83000 	C:\WINDOWS\WinSxS\amd64_microsoft.windows.common-controls_6595b64144ccf1df_6.0.22621.2506_none_270c5ae97388e100\COMCTL32.dll
0x00007ff9a1600000 - 0x00007ff9a16a7000 	C:\WINDOWS\System32\msvcrt.dll
0x00007ff9a0c80000 - 0x00007ff9a0cb1000 	C:\WINDOWS\System32\IMM32.DLL
0x00007ff98e330000 - 0x00007ff98e33c000 	c:\Users\ASUS\.antigravity\extensions\redhat.java-1.50.0-win32-x64\jre\21.0.9-win32-x86_64\bin\vcruntime140_1.dll
0x00007ff95bef0000 - 0x00007ff95bf7d000 	c:\Users\ASUS\.antigravity\extensions\redhat.java-1.50.0-win32-x64\jre\21.0.9-win32-x86_64\bin\msvcp140.dll
0x00007ff8f03f0000 - 0x00007ff8f1190000 	c:\Users\ASUS\.antigravity\extensions\redhat.java-1.50.0-win32-x64\jre\21.0.9-win32-x86_64\bin\server\jvm.dll
0x00007ff9a0500000 - 0x00007ff9a05b1000 	C:\WINDOWS\System32\ADVAPI32.dll
0x00007ff99f8f0000 - 0x00007ff99f995000 	C:\WINDOWS\System32\sechost.dll
0x00007ff9a03e0000 - 0x00007ff9a04f7000 	C:\WINDOWS\System32\RPCRT4.dll
0x00007ff99ff80000 - 0x00007ff99fff1000 	C:\WINDOWS\System32\WS2_32.dll
0x00007ff998ae0000 - 0x00007ff998b14000 	C:\WINDOWS\SYSTEM32\WINMM.dll
0x00007ff99ec00000 - 0x00007ff99ec4d000 	C:\WINDOWS\SYSTEM32\POWRPROF.dll
0x00007ff998ad0000 - 0x00007ff998ada000 	C:\WINDOWS\SYSTEM32\VERSION.dll
0x00007ff99ebe0000 - 0x00007ff99ebf3000 	C:\WINDOWS\SYSTEM32\UMPDC.dll
0x00007ff99dea0000 - 0x00007ff99deb8000 	C:\WINDOWS\SYSTEM32\kernel.appcore.dll
0x00007ff98de30000 - 0x00007ff98de3a000 	c:\Users\ASUS\.antigravity\extensions\redhat.java-1.50.0-win32-x64\jre\21.0.9-win32-x86_64\bin\jimage.dll
0x00007ff991e50000 - 0x00007ff992083000 	C:\WINDOWS\SYSTEM32\DBGHELP.DLL
0x00007ff9a0890000 - 0x00007ff9a0c19000 	C:\WINDOWS\System32\combase.dll
0x00007ff9a0cc0000 - 0x00007ff9a0d97000 	C:\WINDOWS\System32\OLEAUT32.dll
0x00007ff990d40000 - 0x00007ff990d72000 	C:\WINDOWS\SYSTEM32\dbgcore.DLL
0x00007ff99eee0000 - 0x00007ff99ef5a000 	C:\WINDOWS\System32\bcryptPrimitives.dll
0x00007ff98dd10000 - 0x00007ff98dd1f000 	c:\Users\ASUS\.antigravity\extensions\redhat.java-1.50.0-win32-x64\jre\21.0.9-win32-x86_64\bin\instrument.dll
0x00007ff974c90000 - 0x00007ff974cb0000 	c:\Users\ASUS\.antigravity\extensions\redhat.java-1.50.0-win32-x64\jre\21.0.9-win32-x86_64\bin\java.dll
0x00007ff9a0da0000 - 0x00007ff9a15fa000 	C:\WINDOWS\System32\SHELL32.dll
0x00007ff99cdb0000 - 0x00007ff99d6a6000 	C:\WINDOWS\SYSTEM32\windows.storage.dll
0x00007ff99cc70000 - 0x00007ff99cdae000 	C:\WINDOWS\SYSTEM32\wintypes.dll
0x00007ff99fb80000 - 0x00007ff99fc73000 	C:\WINDOWS\System32\SHCORE.dll
0x00007ff9a01c0000 - 0x00007ff9a021e000 	C:\WINDOWS\System32\shlwapi.dll
0x00007ff99ee10000 - 0x00007ff99ee36000 	C:\WINDOWS\SYSTEM32\profapi.dll
0x00007ff973860000 - 0x00007ff973878000 	c:\Users\ASUS\.antigravity\extensions\redhat.java-1.50.0-win32-x64\jre\21.0.9-win32-x86_64\bin\zip.dll
0x00007ff98aef0000 - 0x00007ff98af00000 	C:\Users\ASUS\.antigravity\extensions\redhat.java-1.50.0-win32-x64\jre\21.0.9-win32-x86_64\bin\net.dll
0x00007ff998180000 - 0x00007ff9982b7000 	C:\WINDOWS\SYSTEM32\WINHTTP.dll
0x00007ff99e310000 - 0x00007ff99e379000 	C:\WINDOWS\system32\mswsock.dll
0x00007ff96c2c0000 - 0x00007ff96c2d6000 	C:\Users\ASUS\.antigravity\extensions\redhat.java-1.50.0-win32-x64\jre\21.0.9-win32-x86_64\bin\nio.dll
0x00007ff97be60000 - 0x00007ff97be70000 	c:\Users\ASUS\.antigravity\extensions\redhat.java-1.50.0-win32-x64\jre\21.0.9-win32-x86_64\bin\verify.dll
0x00007ff96fc70000 - 0x00007ff96fcb4000 	C:\Users\ASUS\AppData\Roaming\Antigravity\User\globalStorage\redhat.java\1.50.0\config_win\org.eclipse.equinox.launcher\org.eclipse.equinox.launcher.win32.win32.x86_64_1.2.1400.v20250801-0854\eclipse_11916.dll
0x00007ff99f9a0000 - 0x00007ff99fb40000 	C:\WINDOWS\System32\ole32.dll
0x00007ff99e660000 - 0x00007ff99e67b000 	C:\WINDOWS\SYSTEM32\CRYPTSP.dll
0x00007ff99de00000 - 0x00007ff99de35000 	C:\WINDOWS\system32\rsaenh.dll
0x00007ff99e3b0000 - 0x00007ff99e3dc000 	C:\WINDOWS\SYSTEM32\USERENV.dll
0x00007ff99e780000 - 0x00007ff99e7a8000 	C:\WINDOWS\SYSTEM32\bcrypt.dll
0x00007ff99e640000 - 0x00007ff99e64c000 	C:\WINDOWS\SYSTEM32\CRYPTBASE.dll
0x00007ff99d950000 - 0x00007ff99d97d000 	C:\WINDOWS\SYSTEM32\IPHLPAPI.DLL
0x00007ff99fb40000 - 0x00007ff99fb49000 	C:\WINDOWS\System32\NSI.dll
0x00007ff95c700000 - 0x00007ff95c749000 	D:\APP\AppData\Local\Temp\jna-2018896\jna18077660940939268332.dll
0x00007ff9a05c0000 - 0x00007ff9a05c8000 	C:\WINDOWS\System32\PSAPI.DLL
0x00007ff998160000 - 0x00007ff998179000 	C:\WINDOWS\SYSTEM32\dhcpcsvc6.DLL
0x00007ff998140000 - 0x00007ff99815f000 	C:\WINDOWS\SYSTEM32\dhcpcsvc.DLL
0x00007ff98e370000 - 0x00007ff98e37e000 	C:\Users\ASUS\.antigravity\extensions\redhat.java-1.50.0-win32-x64\jre\21.0.9-win32-x86_64\bin\sunmscapi.dll
0x00007ff99f140000 - 0x00007ff99f2a6000 	C:\WINDOWS\System32\CRYPT32.dll
0x00007ff99e750000 - 0x00007ff99e77d000 	C:\WINDOWS\SYSTEM32\ncrypt.dll
0x00007ff99e710000 - 0x00007ff99e747000 	C:\WINDOWS\SYSTEM32\NTASN1.dll
0x00007ff99d980000 - 0x00007ff99da79000 	C:\WINDOWS\SYSTEM32\DNSAPI.dll
0x00007ff98a9f0000 - 0x00007ff98a9fa000 	C:\Windows\System32\rasadhlp.dll
0x00007ff997220000 - 0x00007ff9972a3000 	C:\WINDOWS\System32\fwpuclnt.dll
0x00007ff98e360000 - 0x00007ff98e369000 	C:\Users\ASUS\.antigravity\extensions\redhat.java-1.50.0-win32-x64\jre\21.0.9-win32-x86_64\bin\extnet.dll
0x00007ff99dec0000 - 0x00007ff99def4000 	C:\WINDOWS\SYSTEM32\ntmarta.dll

JVMTI agents:
c:\Users\ASUS\.antigravity\extensions\redhat.java-1.50.0-win32-x64\lombok\lombok-1.18.39-4050.jar path:c:\Users\ASUS\.antigravity\extensions\redhat.java-1.50.0-win32-x64\jre\21.0.9-win32-x86_64\bin\instrument.dll, loaded, initialized, instrumentlib options:none

dbghelp: loaded successfully - version: 4.0.5 - missing functions: none
symbol engine: initialized successfully - sym options: 0x614 - pdb path: .;c:\Users\ASUS\.antigravity\extensions\redhat.java-1.50.0-win32-x64\jre\21.0.9-win32-x86_64\bin;C:\WINDOWS\SYSTEM32;C:\Program Files\Avast Software\Avast;C:\WINDOWS\WinSxS\amd64_microsoft.windows.common-controls_6595b64144ccf1df_6.0.22621.2506_none_270c5ae97388e100;c:\Users\ASUS\.antigravity\extensions\redhat.java-1.50.0-win32-x64\jre\21.0.9-win32-x86_64\bin\server;C:\Users\ASUS\AppData\Roaming\Antigravity\User\globalStorage\redhat.java\1.50.0\config_win\org.eclipse.equinox.launcher\org.eclipse.equinox.launcher.win32.win32.x86_64_1.2.1400.v20250801-0854;D:\APP\AppData\Local\Temp\jna-2018896

VM Arguments:
jvm_args: --add-modules=ALL-SYSTEM --add-opens=java.base/java.util=ALL-UNNAMED --add-opens=java.base/java.lang=ALL-UNNAMED --add-opens=java.base/sun.nio.fs=ALL-UNNAMED -Declipse.application=org.eclipse.jdt.ls.core.id1 -Dosgi.bundles.defaultStartLevel=4 -Declipse.product=org.eclipse.jdt.ls.core.product -Djava.import.generatesMetadataFilesAtProjectRoot=false -DDetectVMInstallationsJob.disabled=true -Dfile.encoding=utf8 -XX:+UseParallelGC -XX:GCTimeRatio=4 -XX:AdaptiveSizePolicyWeight=90 -Dsun.zip.disableMemoryMapping=true -Xmx4G -Xms100m -Xlog:disable -javaagent:c:\Users\ASUS\.antigravity\extensions\redhat.java-1.50.0-win32-x64\lombok\lombok-1.18.39-4050.jar -XX:+HeapDumpOnOutOfMemoryError -XX:HeapDumpPath=c:\Users\ASUS\AppData\Roaming\Antigravity\User\workspaceStorage\39dc09fd97c2b5feba3efec13bc1be51\redhat.java -Daether.dependencyCollector.impl=bf 
java_command: c:\Users\ASUS\.antigravity\extensions\redhat.java-1.50.0-win32-x64\server\plugins\org.eclipse.equinox.launcher_1.7.100.v20251111-0406.jar -configuration c:\Users\ASUS\AppData\Roaming\Antigravity\User\globalStorage\redhat.java\1.50.0\config_win -data c:\Users\ASUS\AppData\Roaming\Antigravity\User\workspaceStorage\39dc09fd97c2b5feba3efec13bc1be51\redhat.java\jdt_ws --pipe=\\.\pipe\lsp-4fe94c86249c3c96b0991d184069597c-sock
java_class_path (initial): c:\Users\ASUS\.antigravity\extensions\redhat.java-1.50.0-win32-x64\server\plugins\org.eclipse.equinox.launcher_1.7.100.v20251111-0406.jar
Launcher Type: SUN_STANDARD

[Global flags]
    uintx AdaptiveSizePolicyWeight                 = 90                                        {product} {command line}
     intx CICompilerCount                          = 4                                         {product} {ergonomic}
    uintx GCTimeRatio                              = 4                                         {product} {command line}
     bool HeapDumpOnOutOfMemoryError               = true                                   {manageable} {command line}
    ccstr HeapDumpPath                             = c:\Users\ASUS\AppData\Roaming\Antigravity\User\workspaceStorage\39dc09fd97c2b5feba3efec13bc1be51\redhat.java         {manageable} {command line}
   size_t InitialHeapSize                          = 104857600                                 {product} {command line}
   size_t MaxHeapSize                              = 4294967296                                {product} {command line}
   size_t MaxNewSize                               = 1431306240                                {product} {ergonomic}
   size_t MinHeapDeltaBytes                        = 524288                                    {product} {ergonomic}
   size_t MinHeapSize                              = 104857600                                 {product} {command line}
   size_t NewSize                                  = 34603008                                  {product} {ergonomic}
    uintx NonNMethodCodeHeapSize                   = 5839372                                {pd product} {ergonomic}
    uintx NonProfiledCodeHeapSize                  = 122909434                              {pd product} {ergonomic}
   size_t OldSize                                  = 70254592                                  {product} {ergonomic}
    uintx ProfiledCodeHeapSize                     = 122909434                              {pd product} {ergonomic}
    uintx ReservedCodeCacheSize                    = 251658240                              {pd product} {ergonomic}
     bool SegmentedCodeCache                       = true                                      {product} {ergonomic}
   size_t SoftMaxHeapSize                          = 4294967296                             {manageable} {ergonomic}
     bool UseCompressedOops                        = true                           {product lp64_product} {ergonomic}
     bool UseLargePagesIndividualAllocation        = false                                  {pd product} {ergonomic}
     bool UseParallelGC                            = true                                      {product} {command line}

Logging:
Log output configuration:
 #0: stdout all=off uptime,level,tags foldmultilines=false
 #1: stderr all=off uptime,level,tags foldmultilines=false

Release file:
JAVA_VERSION="21.0.9" 
MODULES="java.base java.compiler java.datatransfer java.xml java.prefs java.desktop java.instrument java.logging java.management java.security.sasl java.naming java.rmi java.management.rmi java.net.http java.scripting java.security.jgss java.transaction.xa java.sql java.sql.rowset java.xml.crypto java.se java.smartcardio jdk.accessibility jdk.internal.jvmstat jdk.attach jdk.charsets jdk.internal.opt jdk.zipfs jdk.compiler jdk.crypto.ec jdk.crypto.cryptoki jdk.crypto.mscapi jdk.dynalink jdk.internal.ed jdk.editpad jdk.hotspot.agent jdk.httpserver jdk.internal.le jdk.internal.vm.ci jdk.internal.vm.compiler jdk.internal.vm.compiler.management jdk.jartool jdk.javadoc jdk.jcmd jdk.management jdk.management.agent jdk.jconsole jdk.jdeps jdk.jdwp.agent jdk.jdi jdk.jfr jdk.jshell jdk.jsobject jdk.jstatd jdk.localedata jdk.management.jfr jdk.naming.dns jdk.naming.rmi jdk.net jdk.nio.mapmode jdk.random jdk.sctp jdk.security.auth jdk.security.jgss jdk.unsupported jdk.unsupported.desktop jdk.xml.dom" 

Environment Variables:
JAVA_HOME=C:\Program Files\Java\jdk-23
PATH=C:\Program Files\Common Files\Oracle\Java\javapath;C:\Program Files (x86)\Common Files\Oracle\Java\java8path;C:\Program Files (x86)\Common Files\Oracle\Java\javapath;C:\Users\ASUS\AppData\Local\Programs\Python\Python313\Scripts\;C:\Users\ASUS\AppData\Local\Programs\Python\Python313\;C:\WINDOWS\system32;C:\WINDOWS;C:\WINDOWS\System32\Wbem;C:\WINDOWS\System32\WindowsPowerShell\v1.0\;C:\WINDOWS\System32\OpenSSH\;C:\Program Files\dotnet\;C:\php-8.2.3;C:\xampp\mysql\bin;C:\Program Files\Inkscape\bin;C:\ProgramData\chocolatey\bin;C:\Program Files (x86)\Touch Portal\plugins\adb\platform-tools;C:\Program Files\apache-maven-3.9.5\bin;C:\Program Files\Git\cmd;C:\Program Files\Microsoft SQL Server\150\Tools\Binn\;D:\APP\AppData\Roaming\npm-global;%JAVA_HOME%\bin;C:\Program Files\Docker\Docker\resources\bin;D:\APP\nvm;D:\APP\nvm4w\nodejs;C:\Users\ASUS\AppData\Local\Programs\Python\Python313\Scripts\;C:\Users\ASUS\AppData\Local\Programs\Python\Python313\;D:\APP\AppData\Local\Android\Sdk\platform-tools;C:\Program Files\Java\jdk-23\bin;D:\APP\AppData\Local\Android\Sdk\emulator;C:\Users\ASUS\.console-ninja\.bin;C:\Program Files\Common Files\Oracle\Java\javapath;C:\Program Files (x86)\Common Files\Oracle\Java\java8path;C:\Program Files (x86)\Common Files\Oracle\Java\javapath;C:\Users\ASUS\AppData\Local\Programs\Python\Python313\Scripts\;C:\Users\ASUS\AppData\Local\Programs\Python\Python313\;C:\WINDOWS\system32;C:\WINDOWS;C:\WINDOWS\System32\Wbem;C:\WINDOWS\System32\WindowsPowerShell\v1.0\;C:\WINDOWS\System32\OpenSSH\;C:\Program Files\dotnet\;C:\xampp\mysql\bin;C:\Program Files\Inkscape\bin;C:\ProgramData\chocolatey\bin;C:\Program Files (x86)\Touch Portal\plugins\adb\platform-tools;C:\Program Files\apache-maven-3.9.5\bin;C:\Program Files\Git\cmd;C:\Program Files\Microsoft SQL Server\150\Tools\Binn\;C:\Program Files\Microsoft SQL Server\Client SDK\ODBC\170\Tools\Binn\;C:\Program Files\Microsoft\Azure Functions Core Tools\;C:\Program Files\Docker\Do;D:\APP\AppData\Local\Android\Sdk\cmdline-tools;C:\Users\ASUS\AppData\Local\GitHubDesktop\bin;C:\Program Files\MongoDB\Server\7.0\bin;D:\APP\Microsoft VS Code\bin;C:\Users\ASUS\.local\bin;C:\Program Files\Docker\Docker\resources\bin;C:\ffmpeg\bin;D:\MeusScripts;C:\Users\ASUS\AppData\Local\Microsoft\WindowsApps;C:\Users\ASUS\AppData\Roaming\npm;D:\APP\nvm;D:\APP\nvm4w\nodejs;D:\APP\nvm;D:\APP\AppData\Local\Antigravity\bin
USERNAME=ASUS
OS=Windows_NT
PROCESSOR_IDENTIFIER=AMD64 Family 23 Model 104 Stepping 1, AuthenticAMD
TMP=D:\APP\AppData\Local\Temp
TEMP=D:\APP\AppData\Local\Temp




Periodic native trim disabled

---------------  S Y S T E M  ---------------

OS:
 Windows 11 , 64 bit Build 22621 (10.0.22621.2506)
OS uptime: 0 days 10:10 hours
Hyper-V role detected

CPU: total 12 (initial active 12) (12 cores per cpu, 2 threads per core) family 23 model 104 stepping 1 microcode 0x0, cx8, cmov, fxsr, ht, mmx, 3dnowpref, sse, sse2, sse3, ssse3, sse4a, sse4.1, sse4.2, popcnt, lzcnt, tsc, tscinvbit, avx, avx2, aes, clmul, bmi1, bmi2, adx, sha, fma, vzeroupper, clflush, clflushopt, hv, rdtscp, rdpid, f16c
Processor Information for the first 12 processors :
  Max Mhz: 2100, Current Mhz: 2100, Mhz Limit: 2100

Memory: 4k page, system-wide physical 15755M (895M free)
TotalPageFile size 29755M (AvailPageFile size 113M)
current process WorkingSet (physical memory assigned to process): 43M, peak: 500M
current process commit charge ("private bytes"): 602M, peak: 668M

vm_info: OpenJDK 64-Bit Server VM (21.0.9+10-LTS) for windows-amd64 JRE (21.0.9+10-LTS), built on 2025-10-21T00:00:00Z by "admin" with unknown MS VC++:1942

END.
